# JRE version: Java(TM) SE Runtime Environment (8.0_45-b15) (build 1.8.0_45-b15)
# Java VM: Java HotSpot(TM) 64-Bit Server VM (25.45-b02 mixed mode windows-amd64 compressed oops)
Heap:
 PSYoungGen      total 100352K, used 61093K [0x000000076b180000, 0x0000000771e00000, 0x00000007c0000000)
  eden space 89600K, 57% used [0x000000076b180000,0x000000076e3f9ac0,0x0000000770900000)
  from space 10752K, 87% used [0x0000000771380000,0x0000000771cafb50,0x0000000771e00000)
  to   space 10752K, 0% used [0x0000000770900000,0x0000000770900000,0x0000000771380000)
 ParOldGen       total 118272K, used 12222K [0x00000006c1400000, 0x00000006c8780000, 0x000000076b180000)
  object space 118272K, 10% used [0x00000006c1400000,0x00000006c1fef8a8,0x00000006c8780000)
 Metaspace       used 34622K, capacity 35103K, committed 35456K, reserved 1081344K
  class space    used 4276K, capacity 4393K, committed 4480K, reserved 1048576K
GC Heap History (10 events):
Event: 1.314 GC heap before
{Heap before GC invocations=1 (full 0):
 PSYoungGen      total 76288K, used 65536K [0x000000076b180000, 0x0000000770680000, 0x00000007c0000000)
  eden space 65536K, 100% used [0x000000076b180000,0x000000076f180000,0x000000076f180000)
  from space 10752K, 0% used [0x000000076fc00000,0x000000076fc00000,0x0000000770680000)
  to   space 10752K, 0% used [0x000000076f180000,0x000000076f180000,0x000000076fc00000)
 ParOldGen       total 175104K, used 0K [0x00000006c1400000, 0x00000006cbf00000, 0x000000076b180000)
  object space 175104K, 0% used [0x00000006c1400000,0x00000006c1400000,0x00000006cbf00000)
 Metaspace       used 16184K, capacity 16522K, committed 16768K, reserved 1064960K
  class space    used 2037K, capacity 2135K, committed 2176K, reserved 1048576K
Event: 1.325 GC heap after
Heap after GC invocations=1 (full 0):
 PSYoungGen      total 76288K, used 10724K [0x000000076b180000, 0x0000000770680000, 0x00000007c0000000)
  eden space 65536K, 0% used [0x000000076b180000,0x000000076b180000,0x000000076f180000)
  from space 10752K, 99% used [0x000000076f180000,0x000000076fbf9278,0x000000076fc00000)
  to   space 10752K, 0% used [0x000000076fc00000,0x000000076fc00000,0x0000000770680000)
 ParOldGen       total 175104K, used 1678K [0x00000006c1400000, 0x00000006cbf00000, 0x000000076b180000)
  object space 175104K, 0% used [0x00000006c1400000,0x00000006c15a38e0,0x00000006cbf00000)
 Metaspace       used 16184K, capacity 16522K, committed 16768K, reserved 1064960K
  class space    used 2037K, capacity 2135K, committed 2176K, reserved 1048576K
}
Event: 1.776 GC heap before
{Heap before GC invocations=2 (full 0):
 PSYoungGen      total 76288K, used 58785K [0x000000076b180000, 0x0000000770680000, 0x00000007c0000000)
  eden space 65536K, 73% used [0x000000076b180000,0x000000076e06f3d0,0x000000076f180000)
  from space 10752K, 99% used [0x000000076f180000,0x000000076fbf9278,0x000000076fc00000)
  to   space 10752K, 0% used [0x000000076fc00000,0x000000076fc00000,0x0000000770680000)
 ParOldGen       total 175104K, used 1678K [0x00000006c1400000, 0x00000006cbf00000, 0x000000076b180000)
  object space 175104K, 0% used [0x00000006c1400000,0x00000006c15a38e0,0x00000006cbf00000)
 Metaspace       used 20891K, capacity 21199K, committed 21296K, reserved 1069056K
  class space    used 2598K, capacity 2688K, committed 2688K, reserved 1048576K
Event: 1.788 GC heap after
Heap after GC invocations=2 (full 0):
 PSYoungGen      total 76288K, used 10747K [0x000000076b180000, 0x0000000774680000, 0x00000007c0000000)
  eden space 65536K, 0% used [0x000000076b180000,0x000000076b180000,0x000000076f180000)
  from space 10752K, 99% used [0x000000076fc00000,0x000000077067ed10,0x0000000770680000)
  to   space 10752K, 0% used [0x000000076f180000,0x000000076f180000,0x000000076fc00000)
 ParOldGen       total 175104K, used 3596K [0x00000006c1400000, 0x00000006cbf00000, 0x000000076b180000)
  object space 175104K, 2% used [0x00000006c1400000,0x00000006c1783148,0x00000006cbf00000)
 Metaspace       used 20891K, capacity 21199K, committed 21296K, reserved 1069056K
  class space    used 2598K, capacity 2688K, committed 2688K, reserved 1048576K
}
Event: 1.788 GC heap before
{Heap before GC invocations=3 (full 1):
 PSYoungGen      total 76288K, used 10747K [0x000000076b180000, 0x0000000774680000, 0x00000007c0000000)
  eden space 65536K, 0% used [0x000000076b180000,0x000000076b180000,0x000000076f180000)
  from space 10752K, 99% used [0x000000076fc00000,0x000000077067ed10,0x0000000770680000)
  to   space 10752K, 0% used [0x000000076f180000,0x000000076f180000,0x000000076fc00000)
 ParOldGen       total 175104K, used 3596K [0x00000006c1400000, 0x00000006cbf00000, 0x000000076b180000)
  object space 175104K, 2% used [0x00000006c1400000,0x00000006c1783148,0x00000006cbf00000)
 Metaspace       used 20891K, capacity 21199K, committed 21296K, reserved 1069056K
  class space    used 2598K, capacity 2688K, committed 2688K, reserved 1048576K
Event: 1.833 GC heap after
Heap after GC invocations=3 (full 1):
 PSYoungGen      total 76288K, used 0K [0x000000076b180000, 0x0000000774680000, 0x00000007c0000000)
  eden space 65536K, 0% used [0x000000076b180000,0x000000076b180000,0x000000076f180000)
  from space 10752K, 0% used [0x000000076fc00000,0x000000076fc00000,0x0000000770680000)
  to   space 10752K, 0% used [0x000000076f180000,0x000000076f180000,0x000000076fc00000)
 ParOldGen       total 118272K, used 12206K [0x00000006c1400000, 0x00000006c8780000, 0x000000076b180000)
  object space 118272K, 10% used [0x00000006c1400000,0x00000006c1feb8a8,0x00000006c8780000)
 Metaspace       used 20891K, capacity 21199K, committed 21296K, reserved 1069056K
  class space    used 2598K, capacity 2688K, committed 2688K, reserved 1048576K
}
Event: 2.901 GC heap before
{Heap before GC invocations=4 (full 1):
 PSYoungGen      total 76288K, used 65536K [0x000000076b180000, 0x0000000774680000, 0x00000007c0000000)
  eden space 65536K, 100% used [0x000000076b180000,0x000000076f180000,0x000000076f180000)
  from space 10752K, 0% used [0x000000076fc00000,0x000000076fc00000,0x0000000770680000)
  to   space 10752K, 0% used [0x000000076f180000,0x000000076f180000,0x000000076fc00000)
 ParOldGen       total 118272K, used 12206K [0x00000006c1400000, 0x00000006c8780000, 0x000000076b180000)
  object space 118272K, 10% used [0x00000006c1400000,0x00000006c1feb8a8,0x00000006c8780000)
 Metaspace       used 26529K, capacity 26903K, committed 27008K, reserved 1073152K
  class space    used 3278K, capacity 3369K, committed 3456K, reserved 1048576K
Event: 2.910 GC heap after
Heap after GC invocations=4 (full 1):
 PSYoungGen      total 76288K, used 8068K [0x000000076b180000, 0x0000000771e00000, 0x00000007c0000000)
  eden space 65536K, 0% used [0x000000076b180000,0x000000076b180000,0x000000076f180000)
  from space 10752K, 75% used [0x000000076f180000,0x000000076f9613a8,0x000000076fc00000)
  to   space 10752K, 0% used [0x0000000771380000,0x0000000771380000,0x0000000771e00000)
 ParOldGen       total 118272K, used 12214K [0x00000006c1400000, 0x00000006c8780000, 0x000000076b180000)
  object space 118272K, 10% used [0x00000006c1400000,0x00000006c1fed8a8,0x00000006c8780000)
 Metaspace       used 26529K, capacity 26903K, committed 27008K, reserved 1073152K
  class space    used 3278K, capacity 3369K, committed 3456K, reserved 1048576K
}
Event: 4.135 GC heap before
{Heap before GC invocations=5 (full 1):
 PSYoungGen      total 76288K, used 73604K [0x000000076b180000, 0x0000000771e00000, 0x00000007c0000000)
  eden space 65536K, 100% used [0x000000076b180000,0x000000076f180000,0x000000076f180000)
  from space 10752K, 75% used [0x000000076f180000,0x000000076f9613a8,0x000000076fc00000)
  to   space 10752K, 0% used [0x0000000771380000,0x0000000771380000,0x0000000771e00000)
 ParOldGen       total 118272K, used 12214K [0x00000006c1400000, 0x00000006c8780000, 0x000000076b180000)
  object space 118272K, 10% used [0x00000006c1400000,0x00000006c1fed8a8,0x00000006c8780000)
 Metaspace       used 29057K, capacity 29447K, committed 29568K, reserved 1075200K
  class space    used 3597K, capacity 3697K, committed 3712K, reserved 1048576K
Event: 4.153 GC heap after
Heap after GC invocations=5 (full 1):
 PSYoungGen      total 100352K, used 9406K [0x000000076b180000, 0x0000000771e00000, 0x00000007c0000000)
  eden space 89600K, 0% used [0x000000076b180000,0x000000076b180000,0x0000000770900000)
  from space 10752K, 87% used [0x0000000771380000,0x0000000771cafb50,0x0000000771e00000)
  to   space 10752K, 0% used [0x0000000770900000,0x0000000770900000,0x0000000771380000)
 ParOldGen       total 118272K, used 12222K [0x00000006c1400000, 0x00000006c8780000, 0x000000076b180000)
  object space 118272K, 10% used [0x00000006c1400000,0x00000006c1fef8a8,0x00000006c8780000)
 Metaspace       used 29057K, capacity 29447K, committed 29568K, reserved 1075200K
  class space    used 3597K, capacity 3697K, committed 3712K, reserved 1048576K
}

