# JRE version: Java(TM) SE Runtime Environment (8.0_45-b15) (build 1.8.0_45-b15)
# Java VM: Java HotSpot(TM) 64-Bit Server VM (25.45-b02 mixed mode windows-amd64 compressed oops)
Heap:
 PSYoungGen      total 98816K, used 20947K [0x000000076b180000, 0x0000000773c00000, 0x00000007c0000000)
  eden space 88064K, 23% used [0x000000076b180000,0x000000076c5f4de0,0x0000000770780000)
  from space 10752K, 0% used [0x0000000770780000,0x0000000770780000,0x0000000771200000)
  to   space 14336K, 0% used [0x0000000772e00000,0x0000000772e00000,0x0000000773c00000)
 ParOldGen       total 188928K, used 19332K [0x00000006c1400000, 0x00000006ccc80000, 0x000000076b180000)
  object space 188928K, 10% used [0x00000006c1400000,0x00000006c26e12c0,0x00000006ccc80000)
 Metaspace       used 35240K, capacity 35703K, committed 35968K, reserved 1081344K
  class space    used 4299K, capacity 4439K, committed 4480K, reserved 1048576K
GC Heap History (10 events):
Event: 1.829 GC heap before
{Heap before GC invocations=3 (full 1):
 PSYoungGen      total 76288K, used 10746K [0x000000076b180000, 0x0000000774680000, 0x00000007c0000000)
  eden space 65536K, 0% used [0x000000076b180000,0x000000076b180000,0x000000076f180000)
  from space 10752K, 99% used [0x000000076fc00000,0x000000077067ea70,0x0000000770680000)
  to   space 10752K, 0% used [0x000000076f180000,0x000000076f180000,0x000000076fc00000)
 ParOldGen       total 175104K, used 3692K [0x00000006c1400000, 0x00000006cbf00000, 0x000000076b180000)
  object space 175104K, 2% used [0x00000006c1400000,0x00000006c179b360,0x00000006cbf00000)
 Metaspace       used 20892K, capacity 21199K, committed 21296K, reserved 1069056K
  class space    used 2598K, capacity 2688K, committed 2688K, reserved 1048576K
Event: 1.872 GC heap after
Heap after GC invocations=3 (full 1):
 PSYoungGen      total 76288K, used 0K [0x000000076b180000, 0x0000000774680000, 0x00000007c0000000)
  eden space 65536K, 0% used [0x000000076b180000,0x000000076b180000,0x000000076f180000)
  from space 10752K, 0% used [0x000000076fc00000,0x000000076fc00000,0x0000000770680000)
  to   space 10752K, 0% used [0x000000076f180000,0x000000076f180000,0x000000076fc00000)
 ParOldGen       total 119296K, used 12161K [0x00000006c1400000, 0x00000006c8880000, 0x000000076b180000)
  object space 119296K, 10% used [0x00000006c1400000,0x00000006c1fe07d8,0x00000006c8880000)
 Metaspace       used 20892K, capacity 21199K, committed 21296K, reserved 1069056K
  class space    used 2598K, capacity 2688K, committed 2688K, reserved 1048576K
}
Event: 3.004 GC heap before
{Heap before GC invocations=4 (full 1):
 PSYoungGen      total 76288K, used 65536K [0x000000076b180000, 0x0000000774680000, 0x00000007c0000000)
  eden space 65536K, 100% used [0x000000076b180000,0x000000076f180000,0x000000076f180000)
  from space 10752K, 0% used [0x000000076fc00000,0x000000076fc00000,0x0000000770680000)
  to   space 10752K, 0% used [0x000000076f180000,0x000000076f180000,0x000000076fc00000)
 ParOldGen       total 119296K, used 12161K [0x00000006c1400000, 0x00000006c8880000, 0x000000076b180000)
  object space 119296K, 10% used [0x00000006c1400000,0x00000006c1fe07d8,0x00000006c8880000)
 Metaspace       used 26527K, capacity 26903K, committed 27008K, reserved 1073152K
  class space    used 3279K, capacity 3369K, committed 3456K, reserved 1048576K
Event: 3.013 GC heap after
Heap after GC invocations=4 (full 1):
 PSYoungGen      total 76288K, used 8064K [0x000000076b180000, 0x0000000771d80000, 0x00000007c0000000)
  eden space 65536K, 0% used [0x000000076b180000,0x000000076b180000,0x000000076f180000)
  from space 10752K, 75% used [0x000000076f180000,0x000000076f9603a0,0x000000076fc00000)
  to   space 10752K, 0% used [0x0000000771300000,0x0000000771300000,0x0000000771d80000)
 ParOldGen       total 119296K, used 12169K [0x00000006c1400000, 0x00000006c8880000, 0x000000076b180000)
  object space 119296K, 10% used [0x00000006c1400000,0x00000006c1fe27d8,0x00000006c8880000)
 Metaspace       used 26527K, capacity 26903K, committed 27008K, reserved 1073152K
  class space    used 3279K, capacity 3369K, committed 3456K, reserved 1048576K
}
Event: 4.228 GC heap before
{Heap before GC invocations=5 (full 1):
 PSYoungGen      total 76288K, used 73600K [0x000000076b180000, 0x0000000771d80000, 0x00000007c0000000)
  eden space 65536K, 100% used [0x000000076b180000,0x000000076f180000,0x000000076f180000)
  from space 10752K, 75% used [0x000000076f180000,0x000000076f9603a0,0x000000076fc00000)
  to   space 10752K, 0% used [0x0000000771300000,0x0000000771300000,0x0000000771d80000)
 ParOldGen       total 119296K, used 12169K [0x00000006c1400000, 0x00000006c8880000, 0x000000076b180000)
  object space 119296K, 10% used [0x00000006c1400000,0x00000006c1fe27d8,0x00000006c8880000)
 Metaspace       used 29064K, capacity 29447K, committed 29568K, reserved 1075200K
  class space    used 3598K, capacity 3697K, committed 3712K, reserved 1048576K
Event: 4.239 GC heap after
Heap after GC invocations=5 (full 1):
 PSYoungGen      total 97792K, used 9488K [0x000000076b180000, 0x0000000771c80000, 0x00000007c0000000)
  eden space 88064K, 0% used [0x000000076b180000,0x000000076b180000,0x0000000770780000)
  from space 9728K, 97% used [0x0000000771300000,0x0000000771c442c8,0x0000000771c80000)
  to   space 10752K, 0% used [0x0000000770780000,0x0000000770780000,0x0000000771200000)
 ParOldGen       total 119296K, used 12177K [0x00000006c1400000, 0x00000006c8880000, 0x000000076b180000)
  object space 119296K, 10% used [0x00000006c1400000,0x00000006c1fe47d8,0x00000006c8880000)
 Metaspace       used 29064K, capacity 29447K, committed 29568K, reserved 1075200K
  class space    used 3598K, capacity 3697K, committed 3712K, reserved 1048576K
}
Event: 31.085 GC heap before
{Heap before GC invocations=6 (full 1):
 PSYoungGen      total 97792K, used 60967K [0x000000076b180000, 0x0000000771c80000, 0x00000007c0000000)
  eden space 88064K, 58% used [0x000000076b180000,0x000000076e3c5bd0,0x0000000770780000)
  from space 9728K, 97% used [0x0000000771300000,0x0000000771c442c8,0x0000000771c80000)
  to   space 10752K, 0% used [0x0000000770780000,0x0000000770780000,0x0000000771200000)
 ParOldGen       total 119296K, used 12177K [0x00000006c1400000, 0x00000006c8880000, 0x000000076b180000)
  object space 119296K, 10% used [0x00000006c1400000,0x00000006c1fe47d8,0x00000006c8880000)
 Metaspace       used 34773K, capacity 35207K, committed 35456K, reserved 1081344K
  class space    used 4262K, capacity 4405K, committed 4480K, reserved 1048576K
Event: 31.097 GC heap after
Heap after GC invocations=6 (full 1):
 PSYoungGen      total 98816K, used 10733K [0x000000076b180000, 0x0000000773c00000, 0x00000007c0000000)
  eden space 88064K, 0% used [0x000000076b180000,0x000000076b180000,0x0000000770780000)
  from space 10752K, 99% used [0x0000000770780000,0x00000007711fb750,0x0000000771200000)
  to   space 14336K, 0% used [0x0000000772e00000,0x0000000772e00000,0x0000000773c00000)
 ParOldGen       total 119296K, used 13331K [0x00000006c1400000, 0x00000006c8880000, 0x000000076b180000)
  object space 119296K, 11% used [0x00000006c1400000,0x00000006c2104c48,0x00000006c8880000)
 Metaspace       used 34773K, capacity 35207K, committed 35456K, reserved 1081344K
  class space    used 4262K, capacity 4405K, committed 4480K, reserved 1048576K
}
Event: 31.097 GC heap before
{Heap before GC invocations=7 (full 2):
 PSYoungGen      total 98816K, used 10733K [0x000000076b180000, 0x0000000773c00000, 0x00000007c0000000)
  eden space 88064K, 0% used [0x000000076b180000,0x000000076b180000,0x0000000770780000)
  from space 10752K, 99% used [0x0000000770780000,0x00000007711fb750,0x0000000771200000)
  to   space 14336K, 0% used [0x0000000772e00000,0x0000000772e00000,0x0000000773c00000)
 ParOldGen       total 119296K, used 13331K [0x00000006c1400000, 0x00000006c8880000, 0x000000076b180000)
  object space 119296K, 11% used [0x00000006c1400000,0x00000006c2104c48,0x00000006c8880000)
 Metaspace       used 34773K, capacity 35207K, committed 35456K, reserved 1081344K
  class space    used 4262K, capacity 4405K, committed 4480K, reserved 1048576K
Event: 31.188 GC heap after
Heap after GC invocations=7 (full 2):
 PSYoungGen      total 98816K, used 0K [0x000000076b180000, 0x0000000773c00000, 0x00000007c0000000)
  eden space 88064K, 0% used [0x000000076b180000,0x000000076b180000,0x0000000770780000)
  from space 10752K, 0% used [0x0000000770780000,0x0000000770780000,0x0000000771200000)
  to   space 14336K, 0% used [0x0000000772e00000,0x0000000772e00000,0x0000000773c00000)
 ParOldGen       total 188928K, used 19332K [0x00000006c1400000, 0x00000006ccc80000, 0x000000076b180000)
  object space 188928K, 10% used [0x00000006c1400000,0x00000006c26e12c0,0x00000006ccc80000)
 Metaspace       used 34773K, capacity 35207K, committed 35456K, reserved 1081344K
  class space    used 4262K, capacity 4405K, committed 4480K, reserved 1048576K
}

